d:\n\3dgraphics\pix\pix\x64\debug\vc143.pdb
d:\n\3dgraphics\pix\pix\x64\debug\vc143.idb
d:\n\3dgraphics\pix\pix\x64\debug\winmain.obj
d:\n\3dgraphics\pix\pix\x64\debug\viewport.obj
d:\n\3dgraphics\pix\pix\x64\debug\variablecache.obj
d:\n\3dgraphics\pix\pix\x64\debug\texteditor.obj
d:\n\3dgraphics\pix\pix\x64\debug\scriptparser.obj
d:\n\3dgraphics\pix\pix\x64\debug\rasterizer.obj
d:\n\3dgraphics\pix\pix\x64\debug\pixeditor.obj
d:\n\3dgraphics\pix\pix\x64\debug\mathhelper.obj
d:\n\3dgraphics\pix\pix\x64\debug\graphics.obj
d:\n\3dgraphics\pix\pix\x64\debug\commanddictionary.obj
d:\n\3dgraphics\pix\pix\x64\debug\cmdvarfloat.obj
d:\n\3dgraphics\pix\pix\x64\debug\cmdsetresolution.obj
d:\n\3dgraphics\pix\pix\x64\debug\cmdsetcolor.obj
d:\n\3dgraphics\pix\pix\x64\debug\cmddrawpixel.obj
d:\n\3dgraphics\pix\pix\x64\debug\cmddrawrectangle.obj
d:\n\vgp240\pix\x64\debug\pix.lib
d:\n\vgp240\pix\x64\debug\pix.exp
d:\school\spring 2024\3d graphics\pix\x64\debug\pix.exe
d:\school\spring 2024\3d graphics\pix\x64\debug\pix.pdb
d:\n\3dgraphics\pix\pix\x64\debug\pix.ilk
d:\n\3dgraphics\pix\x64\debug\pix.exe
d:\n\3dgraphics\pix\x64\debug\pix.pdb
d:\n\3dgraphics\pix\x64\debug\pix.lib
d:\n\3dgraphics\pix\x64\debug\pix.exp
d:\n\3dgraphics\pix\pix\x64\debug\pix.tlog\cl.command.1.tlog
d:\n\3dgraphics\pix\pix\x64\debug\pix.tlog\cl.items.tlog
d:\n\3dgraphics\pix\pix\x64\debug\pix.tlog\cl.read.1.tlog
d:\n\3dgraphics\pix\pix\x64\debug\pix.tlog\cl.write.1.tlog
d:\n\3dgraphics\pix\pix\x64\debug\pix.tlog\link.command.1.tlog
d:\n\3dgraphics\pix\pix\x64\debug\pix.tlog\link.read.1.tlog
d:\n\3dgraphics\pix\pix\x64\debug\pix.tlog\link.secondary.1.tlog
d:\n\3dgraphics\pix\pix\x64\debug\pix.tlog\link.write.1.tlog
d:\n\3dgraphics\pix\pix\x64\debug\pix.tlog\link.write.2u.tlog
