  Clipper.cpp
  CmdAddVertex.cpp
  CmdBeginDraw.cpp
  CmdDrawPixel.cpp
  CmdDrawRectangle.cpp
  CmdEndDraw.cpp
  CmdModel.cpp
  CmdSetClipping.cpp
  CmdSetColor.cpp
  CmdSetCullMode.cpp
  CmdSetFillMode.cpp
  CmdSetShadeMode.cpp
  Graphics.cpp
  Model.cpp
C:\Users\lcv2312653\Documents\GitHub\3DGraphicsSpring2024\Pix\Pix\Model.cpp(118,23): warning C4267: 'return': conversion from 'size_t' to 'uint32_t', possible loss of data
  ModelManager.cpp
  PrimitiveManager.cpp
  Rasterizer.cpp
C:\Users\lcv2312653\Documents\GitHub\3DGraphicsSpring2024\Pix\Pix\Rasterizer.cpp(38,56): warning C4244: 'argument': conversion from 'const float' to 'int', possible loss of data
C:\Users\lcv2312653\Documents\GitHub\3DGraphicsSpring2024\Pix\Pix\Rasterizer.cpp(38,48): warning C4244: 'argument': conversion from 'const float' to 'int', possible loss of data
  Generating Code...
C:\Users\lcv2312653\Documents\GitHub\3DGraphicsSpring2024\Pix\Pix\Clipper.cpp(58): warning C4715: 'IsInFront': not all control paths return a value
  Pix.vcxproj -> C:\Users\lcv2312653\Documents\GitHub\3DGraphicsSpring2024\Pix\x64\Debug\Pix.exe
